2020-04-16 11:25:55 [restartedMain] INFO  m.a.MsAuthenticationApplication - No active profile set, falling back to default profiles: default
2020-04-16 11:26:02 [restartedMain] INFO  m.a.MsAuthenticationApplication - Started MsAuthenticationApplication in 13.057 seconds (JVM running for 13.847)
2020-04-16 11:27:27 [restartedMain] INFO  m.a.MsAuthenticationApplication - No active profile set, falling back to default profiles: default
2020-04-16 11:27:30 [restartedMain] INFO  m.a.MsAuthenticationApplication - Started MsAuthenticationApplication in 8.109 seconds (JVM running for 101.653)
2020-04-16 11:27:39 [restartedMain] INFO  m.a.MsAuthenticationApplication - No active profile set, falling back to default profiles: default
2020-04-16 11:27:49 [restartedMain] INFO  m.a.MsAuthenticationApplication - No active profile set, falling back to default profiles: default
2020-04-16 11:28:02 [restartedMain] INFO  m.a.MsAuthenticationApplication - No active profile set, falling back to default profiles: default
2020-04-16 11:28:06 [restartedMain] INFO  m.a.MsAuthenticationApplication - Started MsAuthenticationApplication in 7.983 seconds (JVM running for 137.548)
2020-04-16 11:28:19 [restartedMain] INFO  m.a.MsAuthenticationApplication - No active profile set, falling back to default profiles: default
2020-04-16 11:28:22 [restartedMain] INFO  m.a.MsAuthenticationApplication - Started MsAuthenticationApplication in 7.9 seconds (JVM running for 153.891)
2020-04-16 11:28:39 [restartedMain] INFO  m.a.MsAuthenticationApplication - No active profile set, falling back to default profiles: default
2020-04-16 11:28:43 [restartedMain] INFO  m.a.MsAuthenticationApplication - Started MsAuthenticationApplication in 8.034 seconds (JVM running for 174.408)
2020-04-16 11:29:12 [restartedMain] INFO  m.a.MsAuthenticationApplication - No active profile set, falling back to default profiles: default
2020-04-16 11:29:15 [restartedMain] INFO  m.a.MsAuthenticationApplication - Started MsAuthenticationApplication in 7.968 seconds (JVM running for 206.911)
2020-04-16 11:29:36 [restartedMain] INFO  m.a.MsAuthenticationApplication - No active profile set, falling back to default profiles: default
2020-04-16 11:29:53 [restartedMain] INFO  m.a.MsAuthenticationApplication - No active profile set, falling back to default profiles: default
2020-04-16 11:30:15 [restartedMain] INFO  m.a.MsAuthenticationApplication - No active profile set, falling back to default profiles: default
2020-04-16 11:30:19 [restartedMain] INFO  m.a.MsAuthenticationApplication - Started MsAuthenticationApplication in 7.906 seconds (JVM running for 269.974)
2020-04-16 11:31:00 [restartedMain] INFO  m.a.MsAuthenticationApplication - No active profile set, falling back to default profiles: default
2020-04-16 11:31:03 [restartedMain] INFO  m.a.MsAuthenticationApplication - Started MsAuthenticationApplication in 7.966 seconds (JVM running for 314.589)
2020-04-16 11:31:29 [restartedMain] INFO  m.a.MsAuthenticationApplication - No active profile set, falling back to default profiles: default
2020-04-16 11:31:33 [restartedMain] INFO  m.a.MsAuthenticationApplication - Started MsAuthenticationApplication in 7.925 seconds (JVM running for 344.048)
2020-04-16 11:32:26 [restartedMain] INFO  m.a.MsAuthenticationApplication - No active profile set, falling back to default profiles: default
2020-04-16 11:32:29 [restartedMain] INFO  m.a.MsAuthenticationApplication - Started MsAuthenticationApplication in 7.934 seconds (JVM running for 400.68)
2020-04-16 11:32:43 [restartedMain] INFO  m.a.MsAuthenticationApplication - No active profile set, falling back to default profiles: default
2020-04-16 11:32:51 [restartedMain] INFO  m.a.MsAuthenticationApplication - Started MsAuthenticationApplication in 12.314 seconds (JVM running for 13.193)
2020-04-16 11:33:26 [restartedMain] INFO  m.a.MsAuthenticationApplication - No active profile set, falling back to default profiles: default
2020-04-16 11:33:34 [restartedMain] INFO  m.a.MsAuthenticationApplication - Started MsAuthenticationApplication in 12.364 seconds (JVM running for 13.183)
2020-04-16 11:33:37 [hystrix-Controller-1] INFO  m.a.controller.Controller - Called endpoint: 'getToken' | Port: '8000'
2020-04-16 11:34:38 [hystrix-Controller-2] INFO  m.a.controller.Controller - Called endpoint: 'getToken' | Port: '8000'
2020-04-16 11:34:39 [hystrix-Controller-3] INFO  m.a.controller.Controller - Called endpoint: 'getToken' | Port: '8000'
2020-04-16 11:34:39 [hystrix-Controller-4] INFO  m.a.controller.Controller - Called endpoint: 'getToken' | Port: '8000'
2020-04-16 11:34:44 [hystrix-Controller-5] INFO  m.a.controller.Controller - Called endpoint: 'checkLogin' | Port: '8000'
2020-04-16 11:34:44 [hystrix-Controller-6] INFO  m.a.controller.Controller - Called endpoint: 'getToken' | Port: '8000'
2020-04-16 11:35:18 [hystrix-Controller-7] INFO  m.a.controller.Controller - Called endpoint: 'getToken' | Port: '8000'
2020-04-16 11:36:04 [hystrix-Controller-8] INFO  m.a.controller.Controller - Called endpoint: 'getToken' | Port: '8000'
2020-04-16 11:36:42 [hystrix-Controller-9] INFO  m.a.controller.Controller - Called endpoint: 'getToken' | Port: '8000'
2020-04-16 11:36:58 [hystrix-Controller-10] INFO  m.a.controller.Controller - Called endpoint: 'getToken' | Port: '8000'
2020-04-16 11:37:19 [hystrix-Controller-10] INFO  m.a.controller.Controller - Called endpoint: 'getToken' | Port: '8000'
2020-04-16 11:37:24 [hystrix-Controller-10] INFO  m.a.controller.Controller - Called endpoint: 'getToken' | Port: '8000'
2020-04-16 11:37:28 [hystrix-Controller-10] INFO  m.a.controller.Controller - Called endpoint: 'getToken' | Port: '8000'
2020-04-16 11:37:32 [hystrix-Controller-10] INFO  m.a.controller.Controller - Called endpoint: 'getToken' | Port: '8000'
2020-04-16 11:37:39 [hystrix-Controller-10] INFO  m.a.controller.Controller - Called endpoint: 'getToken' | Port: '8000'
2020-04-16 11:37:58 [restartedMain] INFO  m.a.MsAuthenticationApplication - No active profile set, falling back to default profiles: default
2020-04-16 11:38:05 [restartedMain] INFO  m.a.MsAuthenticationApplication - Started MsAuthenticationApplication in 12.328 seconds (JVM running for 13.167)
2020-04-16 11:38:16 [hystrix-Controller-1] INFO  m.a.controller.Controller - Called endpoint: 'getToken' | Port: '8000'
2020-04-16 11:38:27 [hystrix-Controller-2] INFO  m.a.controller.Controller - Called endpoint: 'getToken' | Port: '8000'
2020-04-16 11:38:45 [hystrix-Controller-3] INFO  m.a.controller.Controller - Called endpoint: 'getToken' | Port: '8000'
2020-04-16 11:39:09 [hystrix-Controller-4] INFO  m.a.controller.Controller - Called endpoint: 'getToken' | Port: '8000'
2020-04-16 11:39:34 [restartedMain] INFO  m.a.MsAuthenticationApplication - No active profile set, falling back to default profiles: default
2020-04-16 11:39:38 [restartedMain] INFO  m.a.MsAuthenticationApplication - Started MsAuthenticationApplication in 8.328 seconds (JVM running for 106.572)
2020-04-16 11:40:42 [hystrix-Controller-1] INFO  m.a.controller.Controller - Called endpoint: 'getToken' | Port: '8000'
2020-04-16 11:40:42 [hystrix-Controller-2] INFO  m.a.controller.Controller - Called endpoint: 'getToken' | Port: '8000'
2020-04-16 11:40:42 [hystrix-Controller-3] INFO  m.a.controller.Controller - Called endpoint: 'getToken' | Port: '8000'
2020-04-16 11:40:47 [hystrix-Controller-4] INFO  m.a.controller.Controller - Called endpoint: 'checkLogin' | Port: '8000'
2020-04-16 11:40:47 [hystrix-Controller-5] INFO  m.a.controller.Controller - Called endpoint: 'getToken' | Port: '8000'
2020-04-16 11:41:18 [hystrix-Controller-6] INFO  m.a.controller.Controller - Called endpoint: 'getToken' | Port: '8000'
2020-04-16 11:42:16 [hystrix-Controller-7] INFO  m.a.controller.Controller - Called endpoint: 'getToken' | Port: '8000'
2020-04-16 11:42:54 [hystrix-Controller-8] INFO  m.a.controller.Controller - Called endpoint: 'getToken' | Port: '8000'
2020-04-16 11:42:57 [hystrix-Controller-9] INFO  m.a.controller.Controller - Called endpoint: 'getToken' | Port: '8000'
2020-04-16 11:52:39 [restartedMain] INFO  m.a.MsAuthenticationApplication - No active profile set, falling back to default profiles: default
2020-04-16 11:52:52 [restartedMain] INFO  m.a.MsAuthenticationApplication - No active profile set, falling back to default profiles: default
2020-04-16 11:52:59 [restartedMain] INFO  m.a.MsAuthenticationApplication - Started MsAuthenticationApplication in 12.478 seconds (JVM running for 13.316)
2020-04-16 11:53:48 [restartedMain] INFO  m.a.MsAuthenticationApplication - No active profile set, falling back to default profiles: default
2020-04-16 11:53:52 [restartedMain] INFO  m.a.MsAuthenticationApplication - Started MsAuthenticationApplication in 8.398 seconds (JVM running for 65.602)
2020-04-16 11:54:09 [restartedMain] INFO  m.a.MsAuthenticationApplication - No active profile set, falling back to default profiles: default
2020-04-16 11:54:13 [restartedMain] INFO  m.a.MsAuthenticationApplication - Started MsAuthenticationApplication in 8.296 seconds (JVM running for 87.296)
2020-04-16 11:55:45 [restartedMain] INFO  m.a.MsAuthenticationApplication - No active profile set, falling back to default profiles: default
2020-04-16 11:55:49 [restartedMain] INFO  m.a.MsAuthenticationApplication - Started MsAuthenticationApplication in 8.371 seconds (JVM running for 182.634)
2020-04-16 11:56:16 [restartedMain] INFO  m.a.MsAuthenticationApplication - No active profile set, falling back to default profiles: default
2020-04-16 11:56:23 [restartedMain] INFO  m.a.MsAuthenticationApplication - Started MsAuthenticationApplication in 12.553 seconds (JVM running for 13.382)
2020-04-16 11:57:27 [restartedMain] INFO  m.a.MsAuthenticationApplication - No active profile set, falling back to default profiles: default
2020-04-16 11:57:35 [restartedMain] INFO  m.a.MsAuthenticationApplication - Started MsAuthenticationApplication in 12.726 seconds (JVM running for 13.55)
2020-04-16 11:57:43 [hystrix-Controller-1] INFO  m.a.controller.Controller - Called endpoint: 'getToken' | Port: '8000'
2020-04-16 11:57:50 [hystrix-Controller-2] INFO  m.a.controller.Controller - Called endpoint: 'getToken' | Port: '8000'
2020-04-16 11:59:40 [restartedMain] INFO  m.a.MsAuthenticationApplication - No active profile set, falling back to default profiles: default
2020-04-16 11:59:47 [restartedMain] INFO  m.a.MsAuthenticationApplication - Started MsAuthenticationApplication in 12.639 seconds (JVM running for 13.628)
2020-04-16 11:59:50 [hystrix-Controller-1] INFO  m.a.controller.Controller - Called endpoint: 'getToken' | Port: '8000'
2020-04-16 11:59:56 [hystrix-Controller-2] INFO  m.a.controller.Controller - Called endpoint: 'getToken' | Port: '8000'
2020-04-16 12:00:24 [restartedMain] INFO  m.a.MsAuthenticationApplication - No active profile set, falling back to default profiles: default
2020-04-16 12:00:32 [restartedMain] INFO  m.a.MsAuthenticationApplication - Started MsAuthenticationApplication in 12.628 seconds (JVM running for 13.459)
2020-04-16 12:00:41 [hystrix-Controller-1] INFO  m.a.controller.Controller - Called endpoint: 'getToken' | Port: '8000'
2020-04-16 12:01:23 [restartedMain] INFO  m.a.MsAuthenticationApplication - No active profile set, falling back to default profiles: default
2020-04-16 12:01:31 [restartedMain] INFO  m.a.MsAuthenticationApplication - Started MsAuthenticationApplication in 12.604 seconds (JVM running for 13.498)
2020-04-16 12:01:33 [hystrix-Controller-1] INFO  m.a.controller.Controller - Called endpoint: 'getToken' | Port: '8000'
2020-04-16 12:02:57 [restartedMain] INFO  m.a.MsAuthenticationApplication - No active profile set, falling back to default profiles: default
2020-04-16 12:03:07 [restartedMain] INFO  m.a.MsAuthenticationApplication - No active profile set, falling back to default profiles: default
2020-04-16 12:03:14 [restartedMain] INFO  m.a.MsAuthenticationApplication - Started MsAuthenticationApplication in 12.514 seconds (JVM running for 13.351)
2020-04-16 12:03:14 [hystrix-Controller-1] INFO  m.a.controller.Controller - Called endpoint: 'getToken' | Port: '8000'
2020-04-16 12:03:49 [restartedMain] INFO  m.a.MsAuthenticationApplication - No active profile set, falling back to default profiles: default
2020-04-16 12:03:53 [restartedMain] INFO  m.a.MsAuthenticationApplication - Started MsAuthenticationApplication in 8.411 seconds (JVM running for 52.579)
2020-04-16 12:04:30 [restartedMain] INFO  m.a.MsAuthenticationApplication - No active profile set, falling back to default profiles: default
2020-04-16 12:04:35 [restartedMain] INFO  m.a.MsAuthenticationApplication - Started MsAuthenticationApplication in 8.451 seconds (JVM running for 93.717)
2020-04-16 12:04:45 [restartedMain] INFO  m.a.MsAuthenticationApplication - No active profile set, falling back to default profiles: default
2020-04-16 12:04:49 [restartedMain] INFO  m.a.MsAuthenticationApplication - Started MsAuthenticationApplication in 8.375 seconds (JVM running for 108.474)
2020-04-16 12:05:01 [restartedMain] INFO  m.a.MsAuthenticationApplication - No active profile set, falling back to default profiles: default
2020-04-16 12:05:08 [restartedMain] INFO  m.a.MsAuthenticationApplication - Started MsAuthenticationApplication in 12.51 seconds (JVM running for 13.345)
2020-04-16 12:05:11 [hystrix-Controller-1] INFO  m.a.controller.Controller - Called endpoint: 'getToken' | Port: '8000'
2020-04-16 12:05:12 [hystrix-Controller-2] INFO  m.a.controller.Controller - Called endpoint: 'getToken' | Port: '8000'
2020-04-16 12:11:27 [restartedMain] INFO  m.a.MsAuthenticationApplication - No active profile set, falling back to default profiles: default
2020-04-16 12:11:35 [restartedMain] INFO  m.a.MsAuthenticationApplication - Started MsAuthenticationApplication in 12.68 seconds (JVM running for 13.521)
2020-04-16 12:11:35 [hystrix-Controller-1] INFO  m.a.controller.Controller - Called endpoint: 'getBlackList' | Port: '8000'
2020-04-16 12:11:38 [hystrix-Controller-2] INFO  m.a.controller.Controller - Called endpoint: 'getBlackList' | Port: '8000'
2020-04-16 12:11:47 [hystrix-Controller-3] INFO  m.a.controller.Controller - Called endpoint: 'getBlackList' | Port: '8000'
2020-04-16 12:11:47 [hystrix-Controller-4] INFO  m.a.controller.Controller - Called endpoint: 'getBlackList' | Port: '8000'
2020-04-16 12:11:48 [hystrix-Controller-5] INFO  m.a.controller.Controller - Called endpoint: 'getBlackList' | Port: '8000'
2020-04-16 12:12:00 [hystrix-Controller-6] INFO  m.a.controller.Controller - Called endpoint: 'getBlackList' | Port: '8000'
2020-04-16 12:12:00 [hystrix-Controller-7] INFO  m.a.controller.Controller - Called endpoint: 'getBlackList' | Port: '8000'
2020-04-16 12:12:04 [hystrix-Controller-8] INFO  m.a.controller.Controller - Called endpoint: 'getBlackList' | Port: '8000'
2020-04-16 12:12:04 [hystrix-Controller-9] INFO  m.a.controller.Controller - Called endpoint: 'getBlackList' | Port: '8000'
2020-04-16 12:14:10 [restartedMain] INFO  m.a.MsAuthenticationApplication - No active profile set, falling back to default profiles: default
2020-04-16 12:14:18 [restartedMain] INFO  m.a.MsAuthenticationApplication - Started MsAuthenticationApplication in 12.658 seconds (JVM running for 13.493)
2020-04-16 12:14:55 [restartedMain] INFO  m.a.MsAuthenticationApplication - No active profile set, falling back to default profiles: default
2020-04-16 12:15:02 [restartedMain] INFO  m.a.MsAuthenticationApplication - Started MsAuthenticationApplication in 12.504 seconds (JVM running for 13.336)
2020-04-16 12:15:02 [hystrix-Controller-1] INFO  m.a.controller.Controller - Called endpoint: 'getBlackList' | Port: '8000'
2020-04-16 12:15:57 [restartedMain] INFO  m.a.MsAuthenticationApplication - No active profile set, falling back to default profiles: default
2020-04-16 12:16:35 [restartedMain] INFO  m.a.MsAuthenticationApplication - No active profile set, falling back to default profiles: default
2020-04-16 12:16:42 [restartedMain] INFO  m.a.MsAuthenticationApplication - Started MsAuthenticationApplication in 12.528 seconds (JVM running for 13.375)
2020-04-16 12:16:48 [hystrix-Controller-1] INFO  m.a.controller.Controller - Called endpoint: 'getBlackList' | Port: '8000'
2020-04-16 12:16:49 [hystrix-Controller-2] INFO  m.a.controller.Controller - Called endpoint: 'getBlackList' | Port: '8000'
2020-04-16 12:16:50 [hystrix-Controller-3] INFO  m.a.controller.Controller - Called endpoint: 'getBlackList' | Port: '8000'
2020-04-16 12:16:50 [hystrix-Controller-4] INFO  m.a.controller.Controller - Called endpoint: 'getBlackList' | Port: '8000'
2020-04-16 12:16:51 [hystrix-Controller-5] INFO  m.a.controller.Controller - Called endpoint: 'getBlackList' | Port: '8000'
2020-04-16 12:16:51 [hystrix-Controller-6] INFO  m.a.controller.Controller - Called endpoint: 'getBlackList' | Port: '8000'
2020-04-16 12:17:04 [hystrix-Controller-7] INFO  m.a.controller.Controller - Called endpoint: 'getBlackList' | Port: '8000'
2020-04-16 12:19:11 [restartedMain] INFO  m.a.MsAuthenticationApplication - No active profile set, falling back to default profiles: default
2020-04-16 12:19:15 [restartedMain] INFO  m.a.MsAuthenticationApplication - Started MsAuthenticationApplication in 8.425 seconds (JVM running for 166.382)
2020-04-16 12:19:25 [restartedMain] INFO  m.a.MsAuthenticationApplication - No active profile set, falling back to default profiles: default
2020-04-16 12:19:29 [restartedMain] INFO  m.a.MsAuthenticationApplication - Started MsAuthenticationApplication in 8.341 seconds (JVM running for 180.068)
2020-04-16 12:19:33 [hystrix-Controller-1] INFO  m.a.controller.Controller - Called endpoint: 'getBlackList' | Port: '8000'
2020-04-16 12:19:34 [hystrix-Controller-2] INFO  m.a.controller.Controller - Called endpoint: 'getBlackList' | Port: '8000'
2020-04-16 12:19:35 [hystrix-Controller-3] INFO  m.a.controller.Controller - Called endpoint: 'getBlackList' | Port: '8000'
2020-04-16 12:19:35 [hystrix-Controller-4] INFO  m.a.controller.Controller - Called endpoint: 'getBlackList' | Port: '8000'
2020-04-16 12:19:35 [hystrix-Controller-5] INFO  m.a.controller.Controller - Called endpoint: 'getBlackList' | Port: '8000'
2020-04-16 12:21:03 [hystrix-Controller-6] INFO  m.a.controller.Controller - Called endpoint: 'getToken' | Port: '8000'
2020-04-16 12:22:17 [hystrix-Controller-7] INFO  m.a.controller.Controller - Called endpoint: 'checkLogin' | Port: '8000'
2020-04-16 12:22:17 [hystrix-Controller-8] INFO  m.a.controller.Controller - Called endpoint: 'getToken' | Port: '8000'
2020-04-16 12:22:31 [hystrix-Controller-9] INFO  m.a.controller.Controller - Called endpoint: 'getToken' | Port: '8000'
2020-04-16 12:23:14 [hystrix-Controller-10] INFO  m.a.controller.Controller - Called endpoint: 'getToken' | Port: '8000'
2020-04-16 12:23:36 [hystrix-Controller-10] INFO  m.a.controller.Controller - Called endpoint: 'getToken' | Port: '8000'
2020-04-16 12:23:41 [hystrix-Controller-10] INFO  m.a.controller.Controller - Called endpoint: 'checkLogin' | Port: '8000'
2020-04-16 12:23:41 [hystrix-Controller-10] INFO  m.a.controller.Controller - Called endpoint: 'getBlackList' | Port: '8000'
2020-04-16 12:25:20 [hystrix-Controller-10] INFO  m.a.controller.Controller - Called endpoint: 'checkLogin' | Port: '8000'
2020-04-16 12:25:20 [hystrix-Controller-10] INFO  m.a.controller.Controller - Called endpoint: 'getBlackList' | Port: '8000'
2020-04-16 12:27:16 [hystrix-Controller-10] INFO  m.a.controller.Controller - Called endpoint: 'checkLogin' | Port: '8000'
2020-04-16 12:27:20 [hystrix-Controller-10] INFO  m.a.controller.Controller - Called endpoint: 'checkLogin' | Port: '8000'
2020-04-16 12:27:20 [hystrix-Controller-10] INFO  m.a.controller.Controller - Called endpoint: 'getBlackList' | Port: '8000'
2020-04-16 12:27:37 [hystrix-Controller-10] INFO  m.a.controller.Controller - Called endpoint: 'checkLogin' | Port: '8000'
2020-04-16 12:27:37 [hystrix-Controller-10] INFO  m.a.controller.Controller - Called endpoint: 'getBlackList' | Port: '8000'
2020-04-16 12:28:00 [hystrix-Controller-10] INFO  m.a.controller.Controller - Called endpoint: 'checkLogin' | Port: '8000'
2020-04-16 12:28:00 [hystrix-Controller-10] INFO  m.a.controller.Controller - Called endpoint: 'getBlackList' | Port: '8000'
2020-04-16 12:29:35 [hystrix-Controller-10] INFO  m.a.controller.Controller - Called endpoint: 'checkLogin' | Port: '8000'
2020-04-16 12:29:35 [hystrix-Controller-10] INFO  m.a.controller.Controller - Called endpoint: 'getBlackList' | Port: '8000'
2020-04-16 12:29:35 [hystrix-Controller-10] INFO  m.a.controller.Controller - Called endpoint: 'getToken' | Port: '8000'
2020-04-16 12:29:53 [hystrix-Controller-10] INFO  m.a.controller.Controller - Called endpoint: 'checkLogin' | Port: '8000'
2020-04-16 12:29:53 [hystrix-Controller-10] INFO  m.a.controller.Controller - Called endpoint: 'getBlackList' | Port: '8000'
2020-04-16 12:29:54 [hystrix-Controller-10] INFO  m.a.controller.Controller - Called endpoint: 'getToken' | Port: '8000'
2020-04-16 12:30:16 [hystrix-Controller-10] INFO  m.a.controller.Controller - Called endpoint: 'getBlackList' | Port: '8000'
2020-04-16 12:30:17 [hystrix-Controller-10] INFO  m.a.controller.Controller - Called endpoint: 'getBlackList' | Port: '8000'
2020-04-16 12:30:17 [hystrix-Controller-10] INFO  m.a.controller.Controller - Called endpoint: 'getBlackList' | Port: '8000'
2020-04-16 12:30:17 [hystrix-Controller-10] INFO  m.a.controller.Controller - Called endpoint: 'getBlackList' | Port: '8000'
2020-04-16 12:30:26 [hystrix-Controller-10] INFO  m.a.controller.Controller - Called endpoint: 'checkLogin' | Port: '8000'
2020-04-16 12:30:26 [hystrix-Controller-10] INFO  m.a.controller.Controller - Called endpoint: 'getBlackList' | Port: '8000'
2020-04-16 12:30:26 [hystrix-Controller-10] INFO  m.a.controller.Controller - Called endpoint: 'getToken' | Port: '8000'
2020-04-16 12:30:35 [hystrix-Controller-10] INFO  m.a.controller.Controller - Called endpoint: 'checkLogin' | Port: '8000'
2020-04-16 12:30:35 [hystrix-Controller-10] INFO  m.a.controller.Controller - Called endpoint: 'getBlackList' | Port: '8000'
2020-04-16 12:30:36 [hystrix-Controller-10] INFO  m.a.controller.Controller - Called endpoint: 'getToken' | Port: '8000'
2020-04-16 12:31:38 [hystrix-Controller-10] INFO  m.a.controller.Controller - Called endpoint: 'checkLogin' | Port: '8000'
2020-04-16 12:31:38 [hystrix-Controller-10] INFO  m.a.controller.Controller - Called endpoint: 'getBlackList' | Port: '8000'
2020-04-16 12:33:28 [hystrix-Controller-10] INFO  m.a.controller.Controller - Called endpoint: 'getToken' | Port: '8000'
2020-04-16 12:33:34 [hystrix-Controller-10] INFO  m.a.controller.Controller - Called endpoint: 'checkLogin' | Port: '8000'
2020-04-16 12:33:34 [hystrix-Controller-10] INFO  m.a.controller.Controller - Called endpoint: 'getBlackList' | Port: '8000'
2020-04-16 12:33:34 [hystrix-Controller-10] INFO  m.a.controller.Controller - Called endpoint: 'getToken' | Port: '8000'
2020-04-16 12:34:35 [restartedMain] INFO  m.a.MsAuthenticationApplication - No active profile set, falling back to default profiles: default
2020-04-16 12:34:42 [restartedMain] INFO  m.a.MsAuthenticationApplication - Started MsAuthenticationApplication in 13.213 seconds (JVM running for 14.054)
2020-04-16 12:34:43 [hystrix-Controller-1] INFO  m.a.controller.Controller - Called endpoint: 'getBlackList' | Port: '8000'
2020-04-16 12:34:44 [hystrix-Controller-2] INFO  m.a.controller.Controller - Called endpoint: 'getBlackList' | Port: '8000'
2020-04-16 12:34:44 [hystrix-Controller-3] INFO  m.a.controller.Controller - Called endpoint: 'getBlackList' | Port: '8000'
2020-04-16 12:34:44 [hystrix-Controller-4] INFO  m.a.controller.Controller - Called endpoint: 'getBlackList' | Port: '8000'
2020-04-16 12:34:45 [hystrix-Controller-5] INFO  m.a.controller.Controller - Called endpoint: 'getBlackList' | Port: '8000'
2020-04-16 12:34:46 [hystrix-Controller-6] INFO  m.a.controller.Controller - Called endpoint: 'getBlackList' | Port: '8000'
2020-04-16 12:34:47 [hystrix-Controller-7] INFO  m.a.controller.Controller - Called endpoint: 'getBlackList' | Port: '8000'
2020-04-16 12:34:47 [hystrix-Controller-8] INFO  m.a.controller.Controller - Called endpoint: 'getBlackList' | Port: '8000'
2020-04-16 12:34:47 [hystrix-Controller-9] INFO  m.a.controller.Controller - Called endpoint: 'getBlackList' | Port: '8000'
2020-04-16 12:34:48 [hystrix-Controller-10] INFO  m.a.controller.Controller - Called endpoint: 'getBlackList' | Port: '8000'
2020-04-16 12:34:48 [hystrix-Controller-10] INFO  m.a.controller.Controller - Called endpoint: 'getBlackList' | Port: '8000'
2020-04-16 12:34:48 [hystrix-Controller-10] INFO  m.a.controller.Controller - Called endpoint: 'getBlackList' | Port: '8000'
2020-04-16 12:34:49 [hystrix-Controller-10] INFO  m.a.controller.Controller - Called endpoint: 'getBlackList' | Port: '8000'
2020-04-16 12:34:50 [hystrix-Controller-10] INFO  m.a.controller.Controller - Called endpoint: 'getBlackList' | Port: '8000'
2020-04-16 12:34:50 [hystrix-Controller-10] INFO  m.a.controller.Controller - Called endpoint: 'getBlackList' | Port: '8000'
2020-04-16 12:34:51 [hystrix-Controller-10] INFO  m.a.controller.Controller - Called endpoint: 'getBlackList' | Port: '8000'
2020-04-16 12:34:53 [hystrix-Controller-10] INFO  m.a.controller.Controller - Called endpoint: 'getBlackList' | Port: '8000'
2020-04-16 12:34:54 [hystrix-Controller-10] INFO  m.a.controller.Controller - Called endpoint: 'getBlackList' | Port: '8000'
2020-04-16 12:35:01 [hystrix-Controller-10] INFO  m.a.controller.Controller - Called endpoint: 'getBlackList' | Port: '8000'
2020-04-16 12:35:36 [hystrix-Controller-10] INFO  m.a.controller.Controller - Called endpoint: 'getBlackList' | Port: '8000'
2020-04-16 12:36:04 [hystrix-Controller-10] INFO  m.a.controller.Controller - Called endpoint: 'getBlackList' | Port: '8000'
2020-04-16 12:36:05 [hystrix-Controller-10] INFO  m.a.controller.Controller - Called endpoint: 'getBlackList' | Port: '8000'
2020-04-16 12:36:06 [hystrix-Controller-10] INFO  m.a.controller.Controller - Called endpoint: 'getBlackList' | Port: '8000'
2020-04-16 12:36:08 [hystrix-Controller-10] INFO  m.a.controller.Controller - Called endpoint: 'getBlackList' | Port: '8000'
2020-04-16 12:36:08 [hystrix-Controller-10] INFO  m.a.controller.Controller - Called endpoint: 'getBlackList' | Port: '8000'
2020-04-16 12:36:08 [hystrix-Controller-10] INFO  m.a.controller.Controller - Called endpoint: 'getBlackList' | Port: '8000'
2020-04-16 12:36:08 [hystrix-Controller-10] INFO  m.a.controller.Controller - Called endpoint: 'getBlackList' | Port: '8000'
2020-04-16 12:36:08 [hystrix-Controller-10] INFO  m.a.controller.Controller - Called endpoint: 'getBlackList' | Port: '8000'
2020-04-16 12:36:09 [hystrix-Controller-10] INFO  m.a.controller.Controller - Called endpoint: 'getBlackList' | Port: '8000'
2020-04-16 12:36:10 [hystrix-Controller-10] INFO  m.a.controller.Controller - Called endpoint: 'getBlackList' | Port: '8000'
2020-04-16 12:36:11 [hystrix-Controller-10] INFO  m.a.controller.Controller - Called endpoint: 'getBlackList' | Port: '8000'
2020-04-16 12:36:11 [hystrix-Controller-10] INFO  m.a.controller.Controller - Called endpoint: 'getBlackList' | Port: '8000'
2020-04-16 12:36:12 [hystrix-Controller-10] INFO  m.a.controller.Controller - Called endpoint: 'getBlackList' | Port: '8000'
2020-04-16 12:36:12 [hystrix-Controller-10] INFO  m.a.controller.Controller - Called endpoint: 'getBlackList' | Port: '8000'
2020-04-16 12:36:12 [hystrix-Controller-10] INFO  m.a.controller.Controller - Called endpoint: 'getBlackList' | Port: '8000'
2020-04-16 12:36:13 [hystrix-Controller-10] INFO  m.a.controller.Controller - Called endpoint: 'getBlackList' | Port: '8000'
2020-04-16 12:36:13 [hystrix-Controller-10] INFO  m.a.controller.Controller - Called endpoint: 'getBlackList' | Port: '8000'
2020-04-16 12:36:14 [hystrix-Controller-10] INFO  m.a.controller.Controller - Called endpoint: 'getBlackList' | Port: '8000'
2020-04-16 12:36:14 [hystrix-Controller-10] INFO  m.a.controller.Controller - Called endpoint: 'getBlackList' | Port: '8000'
2020-04-16 12:36:14 [hystrix-Controller-10] INFO  m.a.controller.Controller - Called endpoint: 'getBlackList' | Port: '8000'
2020-04-16 12:36:14 [hystrix-Controller-10] INFO  m.a.controller.Controller - Called endpoint: 'getBlackList' | Port: '8000'
2020-04-16 12:36:16 [hystrix-Controller-10] INFO  m.a.controller.Controller - Called endpoint: 'getToken' | Port: '8000'
2020-04-16 12:36:20 [hystrix-Controller-10] INFO  m.a.controller.Controller - Called endpoint: 'checkLogin' | Port: '8000'
2020-04-16 12:36:20 [hystrix-Controller-10] INFO  m.a.controller.Controller - Called endpoint: 'getBlackList' | Port: '8000'
2020-04-16 12:36:36 [hystrix-Controller-10] INFO  m.a.controller.Controller - Called endpoint: 'checkLogin' | Port: '8000'
2020-04-16 12:36:36 [hystrix-Controller-10] INFO  m.a.controller.Controller - Called endpoint: 'getBlackList' | Port: '8000'
2020-04-16 12:36:37 [hystrix-Controller-10] INFO  m.a.controller.Controller - Called endpoint: 'getToken' | Port: '8000'
2020-04-16 12:36:44 [hystrix-Controller-10] INFO  m.a.controller.Controller - Called endpoint: 'checkLogin' | Port: '8000'
2020-04-16 12:36:44 [hystrix-Controller-10] INFO  m.a.controller.Controller - Called endpoint: 'getBlackList' | Port: '8000'
2020-04-16 12:36:57 [hystrix-Controller-10] INFO  m.a.controller.Controller - Called endpoint: 'getBlackList' | Port: '8000'
2020-04-16 12:36:58 [hystrix-Controller-10] INFO  m.a.controller.Controller - Called endpoint: 'getBlackList' | Port: '8000'
